submitit INFO (2022-04-17 15:18:39,962) - Starting with JobEnvironment(job_id=8380, hostname=mason, local_rank=3(8), node=0(1), global_rank=3(8))
submitit INFO (2022-04-17 15:18:39,962) - Loading pickle: /home/vainavi/mae/checkpoints/8380_submitted.pkl
Process group: 8 tasks, rank: 3
Not using distributed mode
[15:18:40.897266] job dir: /home/vainavi/mae
[15:18:40.897410] Namespace(accum_iter=1,
batch_size=64,
blr=0.00015,
comment='',
data_path='./random_crops',
device='cuda',
dist_on_itp=False,
dist_url='file:///home/vainavi/mae/checkpoint/vainavi/experiments/2c941be46d5c4bba8fd10a097d6c810a_init',
distributed=False,
epochs=800,
gpu=3,
input_size=224,
job_dir='./checkpoints',
local_rank=-1,
log_dir=PosixPath('checkpoints'),
lr=None,
mask_ratio=0.75,
min_lr=0.0,
model='mae_vit_large_patch16',
ngpus=8,
nodes=1,
norm_pix_loss=True,
num_workers=10,
output_dir=PosixPath('checkpoints'),
partition='learnfair',
pin_mem=True,
rank=3,
resume='',
seed=0,
start_epoch=0,
timeout=4320,
use_volta32=False,
warmup_epochs=40,
weight_decay=0.05,
world_size=8)
submitit ERROR (2022-04-17 15:18:40,899) - Submitted job triggered an exception
