/home/vainavi/miniconda3/envs/mae_env/lib/python3.8/site-packages/torchvision/transforms/transforms.py:890: UserWarning: Argument interpolation should be of type InterpolationMode instead of int. Please, use InterpolationMode enum.
  warnings.warn(
submitit ERROR (2022-04-17 15:18:40,788) - Submitted job triggered an exception
Traceback (most recent call last):
  File "/home/vainavi/miniconda3/envs/mae_env/lib/python3.8/runpy.py", line 194, in _run_module_as_main
    return _run_code(code, main_globals, None,
  File "/home/vainavi/miniconda3/envs/mae_env/lib/python3.8/runpy.py", line 87, in _run_code
    exec(code, run_globals)
  File "/home/vainavi/miniconda3/envs/mae_env/lib/python3.8/site-packages/submitit/core/_submit.py", line 11, in <module>
    submitit_main()
  File "/home/vainavi/miniconda3/envs/mae_env/lib/python3.8/site-packages/submitit/core/submission.py", line 72, in submitit_main
    process_job(args.folder)
  File "/home/vainavi/miniconda3/envs/mae_env/lib/python3.8/site-packages/submitit/core/submission.py", line 65, in process_job
    raise error
  File "/home/vainavi/miniconda3/envs/mae_env/lib/python3.8/site-packages/submitit/core/submission.py", line 54, in process_job
    result = delayed.result()
  File "/home/vainavi/miniconda3/envs/mae_env/lib/python3.8/site-packages/submitit/core/utils.py", line 133, in result
    self._result = self.function(*self.args, **self.kwargs)
  File "submitit_pretrain.py", line 59, in __call__
    trainer.main(self.args)
  File "/home/vainavi/mae/main_pretrain.py", line 128, in main
    dataset_train = datasets.DatasetFolder(os.path.join(args.data_path, 'train'), transform=transform_train)
TypeError: __init__() missing 1 required positional argument: 'loader'
