submitit INFO (2022-04-17 15:24:37,501) - Starting with JobEnvironment(job_id=9423, hostname=mason, local_rank=6(8), node=0(1), global_rank=6(8))
submitit INFO (2022-04-17 15:24:37,501) - Loading pickle: /home/vainavi/mae/checkpoints/9423_submitted.pkl
Process group: 8 tasks, rank: 6
Not using distributed mode
[15:24:38.429432] job dir: /home/vainavi/mae
[15:24:38.429549] Namespace(accum_iter=1,
batch_size=64,
blr=0.00015,
comment='',
data_path='./random_crops',
device='cuda',
dist_on_itp=False,
dist_url='file:///home/vainavi/mae/checkpoint/vainavi/experiments/8bace74f824048efb22d774c6bb54619_init',
distributed=False,
epochs=800,
gpu=6,
input_size=224,
job_dir='./checkpoints',
local_rank=-1,
log_dir=PosixPath('checkpoints'),
lr=None,
mask_ratio=0.75,
min_lr=0.0,
model='mae_vit_large_patch16',
ngpus=8,
nodes=1,
norm_pix_loss=True,
num_workers=10,
output_dir=PosixPath('checkpoints'),
partition='learnfair',
pin_mem=True,
rank=6,
resume='',
seed=0,
start_epoch=0,
timeout=4320,
use_volta32=False,
warmup_epochs=40,
weight_decay=0.05,
world_size=8)
[15:24:38.430665] submitit ERROR (2022-04-17 15:24:38,431) - Submitted job triggered an exception
